<?xml version="1.0" encoding="UTF-8"?>
<testsuite name="diet.smsd.hackathon.smsddiet.ExampleUnitTest" tests="1" skipped="0" failures="0" errors="0" timestamp="2018-11-03T21:35:23" hostname="DESKTOP-5TGPHTV" time="0.008">
  <properties/>
  <testcase name="addition_isCorrect" classname="diet.smsd.hackathon.smsddiet.ExampleUnitTest" time="0.008"/>
  <system-out><![CDATA[]]></system-out>
  <system-err><![CDATA[]]></system-err>
</testsuite>
